<?xml version="1.0" encoding="UTF-8"?>
<!-- Generated by org.testng.reporters.JUnitReportReporter -->
<testsuite hostname="Uttamchandani-PC" failures="0" tests="1" name="com.test.testng.TestCalc" time="0.030" errors="0" timestamp="2024-01-27T21:52:52 IST" skipped="0">
  <testcase classname="com.test.testng.TestCalc" name="testAdd" time="0.030"/>
  <system-out/>
</testsuite> <!-- com.test.testng.TestCalc -->
