<?xml version="1.0" encoding="UTF-8"?>
<!-- Generated by org.testng.reporters.JUnitReportReporter -->
<testsuite hostname="Uttamchandani-PC" failures="0" tests="1" name="com.test.testng.NewTest" time="0.019" errors="0" timestamp="2024-01-27T21:49:16 IST" skipped="0">
  <testcase classname="com.test.testng.NewTest" name="testAdd" time="0.019"/>
  <system-out/>
</testsuite> <!-- com.test.testng.NewTest -->
