<?xml version="1.0" encoding="UTF-8"?>
<!-- Generated by org.testng.reporters.JUnitReportReporter -->
<testsuite hostname="Uttamchandani-PC" failures="0" tests="1" name="com.test.testng.TestCalc" time="0.067" errors="0" timestamp="27 Jan 2024 16:31:24 GMT">
  <testcase classname="com.test.testng.TestCalc" name="testAdd" time="0.067"/>
</testsuite> <!-- com.test.testng.TestCalc -->
